# MDS setup check 1.0.0

## Operating system
Microsoft Windows 10 Education
64-bit          
10.0.19041

## System programs
OK        psql (PostgreSQL) 12.4
OK        rstudio 1.3.1091
OK        tlmgr revision 55369 (2020-06-01 02:32:00 +0200)
OK        R 4.0.2 (2020-06-22) -- "Taking Off Again"
OK        python 3.8.3
OK        conda 4.8.4
OK        bash 4.4.23(1)-release (x86_64-pc-msys)
OK        git 2.28.0.windows.1
OK        make 4.3
OK        latex 3.14159265-2.6-1.40.21 (TeX Live 2020/W32TeX)
OK        docker 19.03.12, build 48a66213fe
OK        code 1.49.0

## Python packages
OK        jupyterlab=2.2.7
OK        numpy=1.19.1
OK        pandas=1.1.2
OK        flake8=3.8.3
OK        black=19.10b0
OK        nodejs=10.22.0
OK        jupytext=1.6.0
OK        jupyterlab-git=0.21.1
OK        jupyterlab PDF-generation was successful.

## R packages
OK        tidyverse=1.3.0
OK        blogdown=0.20
OK        xaringan=0.16
OK        renv=0.12.0
OK        IRkernel=1.1.1
OK        tinytex=0.25
OK        rmarkdown PDF-generation was successful.

## Environmental variables
CONDA_SHLVL=1
USERDOMAIN=LAPTOP-K5TJ1MF0
OS=Windows_NT
COMMONPROGRAMFILES=C:\Program Files\Common Files
CONDA_EXE=/c/Users/manda/miniconda3/Scripts/conda.exe
PROCESSOR_LEVEL=6
PSModulePath=C:\Program Files\WindowsPowerShell\Modules;C:\windows\system32\WindowsPowerShell\v1.0\Modules
CommonProgramW6432=C:\Program Files\Common Files
CommonProgramFiles(x86)=C:\Program Files (x86)\Common Files
LANG=en_US.UTF-8
platformcode=KV
MSYSTEM_CARCH=x86_64
DISPLAY=needs-to-be-defined
HOSTNAME=LAPTOP-K5TJ1MF0
PUBLIC=C:\Users\Public
OLDPWD=/c/Users/manda/Desktop/MDSfirstblock/530labs
CONFIG_SITE=/mingw64/etc/config.site
EXEPATH=C:\Program Files\Git
OnlineServices=Online Services
MSYSTEM_CHOST=x86_64-w64-mingw32
USERNAME=manda
CONDA_PREFIX=C:\Users\manda\miniconda3
LOGONSERVER=\\LAPTOP-K5TJ1MF0
PROCESSOR_ARCHITECTURE=AMD64
LOCALAPPDATA=C:\Users\manda\AppData\Local
_CE_M=
COMPUTERNAME=LAPTOP-K5TJ1MF0
FPS_BROWSER_APP_PROFILE_STRING=Internet Explorer
!::=::\
SYSTEMDRIVE=C:
USERPROFILE=C:\Users\manda
PATHEXT=.COM;.EXE;.BAT;.CMD;.VBS;.VBE;.JS;.JSE;.WSF;.WSH;.MSC
SYSTEMROOT=C:\windows
USERDOMAIN_ROAMINGPROFILE=LAPTOP-K5TJ1MF0
PROCESSOR_IDENTIFIER=Intel64 Family 6 Model 126 Stepping 5, GenuineIntel
MINGW_PACKAGE_PREFIX=mingw-w64-x86_64
OneDriveConsumer=C:\Users\manda\OneDrive
PWD=/c/Users/manda/Desktop/MDSfirstblock/530labs/data-530-lab1-mandarkathe
RTOOLS40_HOME=C:\rtools40
SSH_ASKPASS=/mingw64/libexec/git-core/git-gui--askpass
HOME=/c/Users/manda
TMP=/tmp
CONDA_PYTHON_EXE=/c/Users/manda/miniconda3/python.exe
R_USER=C:\Users\manda
TERM_PROGRAM=mintty
TERM_PROGRAM_VERSION=3.2.0
MSYSTEM_PREFIX=/mingw64
OneDrive=C:\Users\manda\OneDrive
_CE_CONDA=
PROCESSOR_REVISION=7e05
FPS_BROWSER_USER_PROFILE_STRING=Default
TMPDIR=/tmp
NUMBER_OF_PROCESSORS=8
ProgramW6432=C:\Program Files
CONDA_PROMPT_MODIFIER=(base) 
COMSPEC=C:\windows\system32\cmd.exe
APPDATA=C:\Users\manda\AppData\Roaming
TERM=xterm
SHELL=/usr/bin/bash
WINDIR=C:\windows
MINGW_CHOST=x86_64-w64-mingw32
ProgramData=C:\ProgramData
SHLVL=2
PLINK_PROTOCOL=ssh
PROGRAMFILES=C:\Program Files
ACLOCAL_PATH=/mingw64/share/aclocal:/usr/share/aclocal
MANPATH=/mingw64/local/man:/mingw64/share/man:/usr/local/man:/usr/share/man:/usr/man:/share/man
ORIGINAL_TEMP=/tmp
ORIGINAL_TMP=/tmp
ALLUSERSPROFILE=C:\ProgramData
TEMP=/tmp
DriverData=C:\Windows\System32\Drivers\DriverData
MSYSTEM=MINGW64
MINGW_PREFIX=/mingw64
SESSIONNAME=Console
RegionCode=NA
ProgramFiles(x86)=C:\Program Files (x86)
PATH=/c/Users/manda/make-4.3/bin:/c/Program Files/R/R-4.0.2/bin/x64:/c/Users/manda/miniconda3:/c/Users/manda/miniconda3/Library/mingw-w64/bin:/c/Users/manda/miniconda3/Library/usr/bin:/c/Users/manda/miniconda3/Library/bin:/c/Users/manda/miniconda3/Scripts:/c/Users/manda/miniconda3/bin:/c/Users/manda/miniconda3/Scripts/condabin:/c/Users/manda/bin:/mingw64/bin:/usr/local/bin:/usr/bin:/usr/bin:/mingw64/bin:/usr/bin:/c/Users/manda/bin:/c/windows/system32:/c/windows:/c/windows/System32/Wbem:/c/windows/System32/WindowsPowerShell/v1.0:/c/windows/System32/OpenSSH:/cmd:/c/Program Files/Docker/Docker/resources/bin:/c/ProgramData/DockerDesktop/version-bin:/c/Users/manda/AppData/Local/Microsoft/WindowsApps:/c/Users/manda/AppData/Local/Programs/Microsoft VS Code/bin:/c/Users/manda/AppData/Roaming/TinyTeX/bin/win32:/usr/bin/vendor_perl:/usr/bin/core_perl
HOMEDRIVE=C:
PKG_CONFIG_PATH=/mingw64/lib/pkgconfig:/mingw64/share/pkgconfig
CONDA_DEFAULT_ENV=base
INFOPATH=/usr/local/info:/usr/share/info:/usr/info:/share/info
HOMEPATH=\Users\manda
ORIGINAL_PATH=/mingw64/bin:/usr/bin:/c/Users/manda/bin:/c/windows/system32:/c/windows:/c/windows/System32/Wbem:/c/windows/System32/WindowsPowerShell/v1.0:/c/windows/System32/OpenSSH:/cmd:/c/Program Files/Docker/Docker/resources/bin:/c/ProgramData/DockerDesktop/version-bin:/c/Users/manda/AppData/Local/Microsoft/WindowsApps:/c/Users/manda/AppData/Local/Programs/Microsoft VS Code/bin:/c/Users/manda/AppData/Roaming/TinyTeX/bin/win32
_=/usr/bin/env

## Content of .bash_profile
# Set the default editor for programs launch from terminal
EDITOR="code --wait"
VISUAL=$EDITOR  # Use the same value as for "EDITOR" in the line above
# >>> conda initialize >>>
# !! Contents within this block are managed by 'conda init' !!
eval "$('/C/Users/manda/miniconda3/Scripts/conda.exe' 'shell.bash' 'hook')"
# <<< conda initialize <<<
# Add R, Rscript, and Make to path
export PATH="/c/Users/${USERNAME}/make-4.3/bin":"/c/Program Files/R/R-4.0.2/bin/x64":$PATH

# TAB completion configuration
# TAB completion ignores case
bind "set completion-ignore-case on"
# Require only one instead of two TAB presses before showing matches
bind "set show-all-if-ambiguous on"
# If there are multiple matches for completion, cycle through them with TAB
bind 'TAB':menu-complete
# Perform partial completion on the first Tab press,
# only start cycling full results on the second Tab press
bind "set menu-complete-display-prefix on"

# History configuration
# Cycle through history based on characters already typed on the line
bind '"\e[A":history-search-backward'
bind '"\e[B":history-search-forward'
# Append to the history file, don't overwrite it.
shopt -s histappend
# Write commands to history one-by-one right after they are executed
# instead of all together when the terminal is closed.
# Make new terminals see all commands run in currently open terminals and
# prepend a newline to the prompt string to separate it from the last command's output
PROMPT_COMMAND='history -a; echo'
# Increase history size
HISTSIZE=50000
HISTFILESIZE=50000

# Aliases
# Note that aliases only are in effect when you are using the shell interactively
# (e.g. opening the Git Bash terminal and typing or pasting commands).
# If you run a bash script or makefile,
# the original command is used instead of your alias.
# Run Python and Docker in compatibility mode when started from an interactive shell
alias python="winpty python"
alias docker="winpty docker"
# `man` function to display help messages with a pager as on Unix
man() {
    $1 --help | less
}

## Content of .bashrc
~/.bashrc not found
